  MenuOfStudent.cpp
c:\users\asus\desktop\project\management\management\menuofstudent.cpp(26): warning C4244: 'argument': conversion from 'int' to 'T', possible loss of data
          with
          [
              T=float
          ]
c:\users\asus\desktop\project\management\management\menuofstudent.cpp(29): warning C4244: 'argument': conversion from 'int' to 'T', possible loss of data
          with
          [
              T=float
          ]
c:\users\asus\desktop\project\management\management\menuofstudent.cpp(33): warning C4244: 'argument': conversion from 'int' to 'T', possible loss of data
          with
          [
              T=float
          ]
  main.cpp
c:\users\asus\desktop\project\management\management\main.cpp(87): warning C4244: 'argument': conversion from 'int' to 'T', possible loss of data
          with
          [
              T=float
          ]
c:\users\asus\desktop\project\management\management\main.cpp(141): warning C4305: '=': truncation from 'double' to 'float'
c:\users\asus\desktop\project\management\management\main.cpp(145): warning C4305: '=': truncation from 'double' to 'float'
  Generating Code...
  Management.vcxproj -> C:\Users\asus\Desktop\project\Management\Debug\Management.exe
